  Source.cpp
C:\Users\DaiNguyen\source\repos\DoAnInPostPrefix\DoAnInPostPrefix\Source.cpp(11,32): warning C4267: 'initializing': conversion from 'size_t' to 'int', possible loss of data
C:\Users\DaiNguyen\source\repos\DoAnInPostPrefix\DoAnInPostPrefix\Source.cpp(109,18): warning C4244: '=': conversion from 'double' to 'char', possible loss of data
C:\Users\DaiNguyen\source\repos\DoAnInPostPrefix\DoAnInPostPrefix\Source.cpp(345,15): warning C4101: 'B': unreferenced local variable
C:\Users\DaiNguyen\source\repos\DoAnInPostPrefix\DoAnInPostPrefix\Source.cpp(345,7): warning C4101: 'A': unreferenced local variable
C:\Users\DaiNguyen\source\repos\DoAnInPostPrefix\DoAnInPostPrefix\Stack.cpp(56,9): warning C4244: 'return': conversion from 'double' to 'T', possible loss of data
C:\Users\DaiNguyen\source\repos\DoAnInPostPrefix\DoAnInPostPrefix\Stack.cpp(56,9): warning C4244:         with
C:\Users\DaiNguyen\source\repos\DoAnInPostPrefix\DoAnInPostPrefix\Stack.cpp(56,9): warning C4244:         [
C:\Users\DaiNguyen\source\repos\DoAnInPostPrefix\DoAnInPostPrefix\Stack.cpp(56,9): warning C4244:             T=char
C:\Users\DaiNguyen\source\repos\DoAnInPostPrefix\DoAnInPostPrefix\Stack.cpp(56,9): warning C4244:         ]
C:\Users\DaiNguyen\source\repos\DoAnInPostPrefix\DoAnInPostPrefix\Stack.cpp(48): message : while compiling class template member function 'T Stack<T>::pop(void)'
C:\Users\DaiNguyen\source\repos\DoAnInPostPrefix\DoAnInPostPrefix\Stack.cpp(48): message :         with
C:\Users\DaiNguyen\source\repos\DoAnInPostPrefix\DoAnInPostPrefix\Stack.cpp(48): message :         [
C:\Users\DaiNguyen\source\repos\DoAnInPostPrefix\DoAnInPostPrefix\Stack.cpp(48): message :             T=char
C:\Users\DaiNguyen\source\repos\DoAnInPostPrefix\DoAnInPostPrefix\Stack.cpp(48): message :         ]
C:\Users\DaiNguyen\source\repos\DoAnInPostPrefix\DoAnInPostPrefix\Source.cpp(81): message : see reference to function template instantiation 'T Stack<T>::pop(void)' being compiled
C:\Users\DaiNguyen\source\repos\DoAnInPostPrefix\DoAnInPostPrefix\Source.cpp(81): message :         with
C:\Users\DaiNguyen\source\repos\DoAnInPostPrefix\DoAnInPostPrefix\Source.cpp(81): message :         [
C:\Users\DaiNguyen\source\repos\DoAnInPostPrefix\DoAnInPostPrefix\Source.cpp(81): message :             T=char
C:\Users\DaiNguyen\source\repos\DoAnInPostPrefix\DoAnInPostPrefix\Source.cpp(81): message :         ]
C:\Users\DaiNguyen\source\repos\DoAnInPostPrefix\DoAnInPostPrefix\Source.cpp(51): message : see reference to class template instantiation 'Stack<char>' being compiled
  Generating code
  11 of 17 functions (64.7%) were compiled, the rest were copied from previous compilation.
    6 functions were new in current compilation
    0 functions had inline decision re-evaluated but remain unchanged
  Finished generating code
  DoAnInPostPrefix.vcxproj -> C:\Users\DaiNguyen\source\repos\DoAnInPostPrefix\x64\Release\DoAnInPostPrefix.exe
