c:\users\dainguyen\source\repos\doaninpostprefix\doaninpostprefix\debug\vc142.pdb
c:\users\dainguyen\source\repos\doaninpostprefix\doaninpostprefix\debug\vc142.idb
c:\users\dainguyen\source\repos\doaninpostprefix\doaninpostprefix\debug\stack.obj
c:\users\dainguyen\source\repos\doaninpostprefix\doaninpostprefix\debug\source.obj
c:\users\dainguyen\source\repos\doaninpostprefix\debug\doaninpostprefix.pdb
c:\users\dainguyen\source\repos\doaninpostprefix\doaninpostprefix\debug\doaninpostprefix.tlog\cl.command.1.tlog
c:\users\dainguyen\source\repos\doaninpostprefix\doaninpostprefix\debug\doaninpostprefix.tlog\cl.read.1.tlog
c:\users\dainguyen\source\repos\doaninpostprefix\doaninpostprefix\debug\doaninpostprefix.tlog\cl.write.1.tlog
c:\users\dainguyen\source\repos\doaninpostprefix\doaninpostprefix\debug\doaninpostprefix.tlog\link-cvtres.read.1.tlog
c:\users\dainguyen\source\repos\doaninpostprefix\doaninpostprefix\debug\doaninpostprefix.tlog\link-cvtres.write.1.tlog
c:\users\dainguyen\source\repos\doaninpostprefix\doaninpostprefix\debug\doaninpostprefix.tlog\link-rc.read.1.tlog
c:\users\dainguyen\source\repos\doaninpostprefix\doaninpostprefix\debug\doaninpostprefix.tlog\link-rc.write.1.tlog
c:\users\dainguyen\source\repos\doaninpostprefix\doaninpostprefix\debug\doaninpostprefix.tlog\link.12120-cvtres.read.1.tlog
c:\users\dainguyen\source\repos\doaninpostprefix\doaninpostprefix\debug\doaninpostprefix.tlog\link.12120-cvtres.write.1.tlog
c:\users\dainguyen\source\repos\doaninpostprefix\doaninpostprefix\debug\doaninpostprefix.tlog\link.12120-rc.read.1.tlog
c:\users\dainguyen\source\repos\doaninpostprefix\doaninpostprefix\debug\doaninpostprefix.tlog\link.12120-rc.write.1.tlog
c:\users\dainguyen\source\repos\doaninpostprefix\doaninpostprefix\debug\doaninpostprefix.tlog\link.12120.read.1.tlog
c:\users\dainguyen\source\repos\doaninpostprefix\doaninpostprefix\debug\doaninpostprefix.tlog\link.12120.write.1.tlog
c:\users\dainguyen\source\repos\doaninpostprefix\doaninpostprefix\debug\doaninpostprefix.tlog\link.command.1.tlog
c:\users\dainguyen\source\repos\doaninpostprefix\doaninpostprefix\debug\doaninpostprefix.tlog\link.read.1.tlog
c:\users\dainguyen\source\repos\doaninpostprefix\doaninpostprefix\debug\doaninpostprefix.tlog\link.write.1.tlog
