  Source.cpp
C:\Users\DaiNguyen\source\repos\DoAnInPostPrefix\DoAnInPostPrefix\Source.cpp(21,32): warning C4267: 'initializing': conversion from 'size_t' to 'int', possible loss of data
C:\Users\DaiNguyen\source\repos\DoAnInPostPrefix\DoAnInPostPrefix\Source.cpp(43,21): warning C4267: 'initializing': conversion from 'size_t' to 'int', possible loss of data
C:\Users\DaiNguyen\source\repos\DoAnInPostPrefix\DoAnInPostPrefix\Source.cpp(53,21): warning C4267: 'initializing': conversion from 'size_t' to 'int', possible loss of data
C:\Users\DaiNguyen\source\repos\DoAnInPostPrefix\DoAnInPostPrefix\Source.cpp(117,27): warning C4267: 'initializing': conversion from 'size_t' to 'int', possible loss of data
C:\Users\DaiNguyen\source\repos\DoAnInPostPrefix\DoAnInPostPrefix\Source.cpp(134,27): warning C4267: 'initializing': conversion from 'size_t' to 'int', possible loss of data
C:\Users\DaiNguyen\source\repos\DoAnInPostPrefix\DoAnInPostPrefix\Source.cpp(257,33): warning C4267: 'initializing': conversion from 'size_t' to 'int', possible loss of data
C:\Users\DaiNguyen\source\repos\DoAnInPostPrefix\DoAnInPostPrefix\Source.cpp(277,35): warning C4267: 'initializing': conversion from 'size_t' to 'int', possible loss of data
C:\Users\DaiNguyen\source\repos\DoAnInPostPrefix\DoAnInPostPrefix\Source.cpp(330,42): warning C4244: 'argument': conversion from 'T' to 'int', possible loss of data
C:\Users\DaiNguyen\source\repos\DoAnInPostPrefix\DoAnInPostPrefix\Source.cpp(330,42): warning C4244:         with
C:\Users\DaiNguyen\source\repos\DoAnInPostPrefix\DoAnInPostPrefix\Source.cpp(330,42): warning C4244:         [
C:\Users\DaiNguyen\source\repos\DoAnInPostPrefix\DoAnInPostPrefix\Source.cpp(330,42): warning C4244:             T=double
C:\Users\DaiNguyen\source\repos\DoAnInPostPrefix\DoAnInPostPrefix\Source.cpp(330,42): warning C4244:         ]
C:\Users\DaiNguyen\source\repos\DoAnInPostPrefix\DoAnInPostPrefix\Source.cpp(377,35): warning C4267: 'initializing': conversion from 'size_t' to 'int', possible loss of data
C:\Users\DaiNguyen\source\repos\DoAnInPostPrefix\DoAnInPostPrefix\Source.cpp(421,19): warning C4244: '=': conversion from 'double' to 'int', possible loss of data
C:\Users\DaiNguyen\source\repos\DoAnInPostPrefix\DoAnInPostPrefix\Source.cpp(442,42): warning C4244: 'argument': conversion from 'T' to 'int', possible loss of data
C:\Users\DaiNguyen\source\repos\DoAnInPostPrefix\DoAnInPostPrefix\Source.cpp(442,42): warning C4244:         with
C:\Users\DaiNguyen\source\repos\DoAnInPostPrefix\DoAnInPostPrefix\Source.cpp(442,42): warning C4244:         [
C:\Users\DaiNguyen\source\repos\DoAnInPostPrefix\DoAnInPostPrefix\Source.cpp(442,42): warning C4244:             T=double
C:\Users\DaiNguyen\source\repos\DoAnInPostPrefix\DoAnInPostPrefix\Source.cpp(442,42): warning C4244:         ]
C:\Users\DaiNguyen\source\repos\DoAnInPostPrefix\DoAnInPostPrefix\Stack.cpp(56,9): warning C4244: 'return': conversion from 'double' to 'T', possible loss of data
C:\Users\DaiNguyen\source\repos\DoAnInPostPrefix\DoAnInPostPrefix\Stack.cpp(56,9): warning C4244:         with
C:\Users\DaiNguyen\source\repos\DoAnInPostPrefix\DoAnInPostPrefix\Stack.cpp(56,9): warning C4244:         [
C:\Users\DaiNguyen\source\repos\DoAnInPostPrefix\DoAnInPostPrefix\Stack.cpp(56,9): warning C4244:             T=char
C:\Users\DaiNguyen\source\repos\DoAnInPostPrefix\DoAnInPostPrefix\Stack.cpp(56,9): warning C4244:         ]
C:\Users\DaiNguyen\source\repos\DoAnInPostPrefix\DoAnInPostPrefix\Stack.cpp(48): message : while compiling class template member function 'T Stack<T>::pop(void)'
C:\Users\DaiNguyen\source\repos\DoAnInPostPrefix\DoAnInPostPrefix\Stack.cpp(48): message :         with
C:\Users\DaiNguyen\source\repos\DoAnInPostPrefix\DoAnInPostPrefix\Stack.cpp(48): message :         [
C:\Users\DaiNguyen\source\repos\DoAnInPostPrefix\DoAnInPostPrefix\Stack.cpp(48): message :             T=char
C:\Users\DaiNguyen\source\repos\DoAnInPostPrefix\DoAnInPostPrefix\Stack.cpp(48): message :         ]
C:\Users\DaiNguyen\source\repos\DoAnInPostPrefix\DoAnInPostPrefix\Source.cpp(111): message : see reference to function template instantiation 'T Stack<T>::pop(void)' being compiled
C:\Users\DaiNguyen\source\repos\DoAnInPostPrefix\DoAnInPostPrefix\Source.cpp(111): message :         with
C:\Users\DaiNguyen\source\repos\DoAnInPostPrefix\DoAnInPostPrefix\Source.cpp(111): message :         [
C:\Users\DaiNguyen\source\repos\DoAnInPostPrefix\DoAnInPostPrefix\Source.cpp(111): message :             T=char
C:\Users\DaiNguyen\source\repos\DoAnInPostPrefix\DoAnInPostPrefix\Source.cpp(111): message :         ]
C:\Users\DaiNguyen\source\repos\DoAnInPostPrefix\DoAnInPostPrefix\Source.cpp(109): message : see reference to class template instantiation 'Stack<char>' being compiled
C:\Users\DaiNguyen\source\repos\DoAnInPostPrefix\DoAnInPostPrefix\Source.cpp(58): warning C4172: returning address of local variable or temporary: newstr
C:\Users\DaiNguyen\source\repos\DoAnInPostPrefix\DoAnInPostPrefix\Source.cpp(48): warning C4172: returning address of local variable or temporary: newstr
  DoAnInPostPrefix.vcxproj -> C:\Users\DaiNguyen\source\repos\DoAnInPostPrefix\x64\Debug\DoAnInPostPrefix.exe
